<?xml version="1.0" encoding="UTF-8"?>
<!-- Generated by org.testng.reporters.JUnitReportReporter -->
<testsuite skipped="0" hostname="john-PC" name="DriverFactory.TestScript" tests="2" failures="0" timestamp="30 Nov 2019 06:42:39 GMT" time="76.906" errors="0">
  <testcase name="userCreation" time="40.903" classname="DriverFactory.TestScript"/>
  <testcase name="empCreation" time="36.003" classname="DriverFactory.TestScript"/>
</testsuite> <!-- DriverFactory.TestScript -->
