<?xml version="1.0" encoding="UTF-8"?>
<!-- Generated by org.testng.reporters.JUnitReportReporter -->
<testsuite skipped="0" hostname="john-PC" name="DriverFactory.DataDriven" tests="1" failures="0" timestamp="27 Nov 2019 13:59:31 GMT" time="62.327" errors="0">
  <testcase name="verifyRegister" time="62.327" classname="DriverFactory.DataDriven"/>
</testsuite> <!-- DriverFactory.DataDriven -->
