<?xml version="1.0" encoding="UTF-8"?>
<!-- Generated by org.testng.reporters.JUnitReportReporter -->
<testsuite skipped="0" hostname="john-PC" name="nov25.PropertyFile" tests="1" failures="0" timestamp="25 Nov 2019 07:07:17 GMT" time="0.896" errors="0">
  <testcase name="verifylogin" time="0.896" classname="nov25.PropertyFile"/>
</testsuite> <!-- nov25.PropertyFile -->
