<?xml version="1.0" encoding="UTF-8"?>
<!-- Generated by org.testng.reporters.JUnitReportReporter -->
<testsuite skipped="0" hostname="john-PC" name="nov23.Demo2" tests="4" failures="0" timestamp="25 Nov 2019 06:15:59 GMT" time="62.375" errors="0">
  <testcase name="registerLink" time="17.312" classname="nov23.Demo2"/>
  <testcase name="registerLink" time="15.999" classname="nov23.Demo2"/>
  <testcase name="supportLink" time="13.384" classname="nov23.Demo2"/>
  <testcase name="hotelsLink" time="15.680" classname="nov23.Demo2"/>
</testsuite> <!-- nov23.Demo2 -->
