<?xml version="1.0" encoding="UTF-8"?>
<!-- Generated by org.testng.reporters.JUnitReportReporter -->
<testsuite skipped="0" hostname="john-PC" name="DriverFactory.DriverScript" tests="1" failures="0" timestamp="29 Nov 2019 07:30:29 GMT" time="93.772" errors="0">
  <testcase name="pbKeyword" time="93.772" classname="DriverFactory.DriverScript"/>
</testsuite> <!-- DriverFactory.DriverScript -->
