<?xml version="1.0" encoding="UTF-8"?>
<!-- Generated by org.testng.reporters.JUnitReportReporter -->
<testsuite skipped="0" hostname="john-PC" name="DriverFactory.DataDrivenFrameWork" tests="1" failures="0" timestamp="29 Nov 2019 02:33:26 GMT" time="93.210" errors="0">
  <testcase name="verifyLogin" time="93.210" classname="DriverFactory.DataDrivenFrameWork"/>
</testsuite> <!-- DriverFactory.DataDrivenFrameWork -->
