<?xml version="1.0" encoding="UTF-8"?>
<!-- Generated by org.testng.reporters.JUnitReportReporter -->
<testsuite skipped="0" hostname="john-PC" name="nov23.Demo3" tests="3" failures="0" timestamp="25 Nov 2019 06:15:59 GMT" time="12.796" errors="0">
  <testcase name="registerLink" time="3.986" classname="nov23.Demo3"/>
  <testcase name="signOnLink" time="4.798" classname="nov23.Demo3"/>
  <testcase name="homeLink" time="4.012" classname="nov23.Demo3"/>
</testsuite> <!-- nov23.Demo3 -->
